This file contains any messages produced by compilers while
running configure, to aid debugging if configure makes a mistake.

It was created by iptux configure 0.5.3, which was
generated by GNU Autoconf 2.68.  Invocation command line was

  $ ./configure 

## --------- ##
## Platform. ##
## --------- ##

hostname = jph-ubuntu
uname -m = i686
uname -r = 3.0.0-14-generic
uname -s = Linux
uname -v = #23-Ubuntu SMP Mon Nov 21 20:34:47 UTC 2011

/usr/bin/uname -p = unknown
/bin/uname -X     = unknown

/bin/arch              = unknown
/usr/bin/arch -k       = unknown
/usr/convex/getsysinfo = unknown
/usr/bin/hostinfo      = unknown
/bin/machine           = unknown
/usr/bin/oslevel       = unknown
/bin/universe          = unknown

PATH: /usr/lib/lightdm/lightdm
PATH: /usr/local/sbin
PATH: /usr/local/bin
PATH: /usr/sbin
PATH: /usr/bin
PATH: /sbin
PATH: /bin
PATH: /usr/games
PATH: /usr/jdk1.6.0_26/bin
PATH: /usr/jre1.6.0_26/bin


## ----------- ##
## Core tests. ##
## ----------- ##

configure:2427: checking whether to enable maintainer-specific portions of Makefiles
configure:2436: result: no
configure:2497: checking for a BSD-compatible install
configure:2565: result: /usr/bin/install -c
configure:2576: checking whether build environment is sane
configure:2626: result: yes
configure:2767: checking for a thread-safe mkdir -p
configure:2806: result: /bin/mkdir -p
configure:2819: checking for gawk
configure:2849: result: no
configure:2819: checking for mawk
configure:2835: found /usr/bin/mawk
configure:2846: result: mawk
configure:2857: checking whether make sets $(MAKE)
configure:2879: result: yes
configure:3019: checking for g++
configure:3035: found /usr/bin/g++
configure:3046: result: g++
configure:3073: checking for C++ compiler version
configure:3082: g++ --version >&5
g++ (Ubuntu/Linaro 4.6.1-9ubuntu3) 4.6.1
Copyright (C) 2011 Free Software Foundation, Inc.
This is free software; see the source for copying conditions.  There is NO
warranty; not even for MERCHANTABILITY or FITNESS FOR A PARTICULAR PURPOSE.

configure:3093: $? = 0
configure:3082: g++ -v >&5
Using built-in specs.
COLLECT_GCC=g++
COLLECT_LTO_WRAPPER=/usr/lib/gcc/i686-linux-gnu/4.6.1/lto-wrapper
Target: i686-linux-gnu
Configured with: ../src/configure -v --with-pkgversion='Ubuntu/Linaro 4.6.1-9ubuntu3' --with-bugurl=file:///usr/share/doc/gcc-4.6/README.Bugs --enable-languages=c,c++,fortran,objc,obj-c++,go --prefix=/usr --program-suffix=-4.6 --enable-shared --enable-linker-build-id --with-system-zlib --libexecdir=/usr/lib --without-included-gettext --enable-threads=posix --with-gxx-include-dir=/usr/include/c++/4.6 --libdir=/usr/lib --enable-nls --with-sysroot=/ --enable-clocale=gnu --enable-libstdcxx-debug --enable-libstdcxx-time=yes --enable-plugin --enable-objc-gc --enable-targets=all --disable-werror --with-arch-32=i686 --with-tune=generic --enable-checking=release --build=i686-linux-gnu --host=i686-linux-gnu --target=i686-linux-gnu
Thread model: posix
gcc version 4.6.1 (Ubuntu/Linaro 4.6.1-9ubuntu3) 
configure:3093: $? = 0
configure:3082: g++ -V >&5
g++: error: unrecognized option '-V'
g++: fatal error: no input files
compilation terminated.
configure:3093: $? = 4
configure:3082: g++ -qversion >&5
g++: error: unrecognized option '-qversion'
g++: fatal error: no input files
compilation terminated.
configure:3093: $? = 4
configure:3113: checking whether the C++ compiler works
configure:3135: g++    conftest.cpp  >&5
configure:3139: $? = 0
configure:3187: result: yes
configure:3190: checking for C++ compiler default output file name
configure:3192: result: a.out
configure:3198: checking for suffix of executables
configure:3205: g++ -o conftest    conftest.cpp  >&5
configure:3209: $? = 0
configure:3231: result: 
configure:3253: checking whether we are cross compiling
configure:3261: g++ -o conftest    conftest.cpp  >&5
configure:3265: $? = 0
configure:3272: ./conftest
configure:3276: $? = 0
configure:3291: result: no
configure:3296: checking for suffix of object files
configure:3318: g++ -c   conftest.cpp >&5
configure:3322: $? = 0
configure:3343: result: o
configure:3347: checking whether we are using the GNU C++ compiler
configure:3366: g++ -c   conftest.cpp >&5
configure:3366: $? = 0
configure:3375: result: yes
configure:3384: checking whether g++ accepts -g
configure:3404: g++ -c -g  conftest.cpp >&5
configure:3404: $? = 0
configure:3445: result: yes
configure:3479: checking for style of include used by make
configure:3507: result: GNU
configure:3532: checking dependency style of g++
configure:3642: result: gcc3
configure:3705: checking for gcc
configure:3721: found /usr/bin/gcc
configure:3732: result: gcc
configure:3961: checking for C compiler version
configure:3970: gcc --version >&5
gcc (Ubuntu/Linaro 4.6.1-9ubuntu3) 4.6.1
Copyright (C) 2011 Free Software Foundation, Inc.
This is free software; see the source for copying conditions.  There is NO
warranty; not even for MERCHANTABILITY or FITNESS FOR A PARTICULAR PURPOSE.

configure:3981: $? = 0
configure:3970: gcc -v >&5
Using built-in specs.
COLLECT_GCC=gcc
COLLECT_LTO_WRAPPER=/usr/lib/gcc/i686-linux-gnu/4.6.1/lto-wrapper
Target: i686-linux-gnu
Configured with: ../src/configure -v --with-pkgversion='Ubuntu/Linaro 4.6.1-9ubuntu3' --with-bugurl=file:///usr/share/doc/gcc-4.6/README.Bugs --enable-languages=c,c++,fortran,objc,obj-c++,go --prefix=/usr --program-suffix=-4.6 --enable-shared --enable-linker-build-id --with-system-zlib --libexecdir=/usr/lib --without-included-gettext --enable-threads=posix --with-gxx-include-dir=/usr/include/c++/4.6 --libdir=/usr/lib --enable-nls --with-sysroot=/ --enable-clocale=gnu --enable-libstdcxx-debug --enable-libstdcxx-time=yes --enable-plugin --enable-objc-gc --enable-targets=all --disable-werror --with-arch-32=i686 --with-tune=generic --enable-checking=release --build=i686-linux-gnu --host=i686-linux-gnu --target=i686-linux-gnu
Thread model: posix
gcc version 4.6.1 (Ubuntu/Linaro 4.6.1-9ubuntu3) 
configure:3981: $? = 0
configure:3970: gcc -V >&5
gcc: error: unrecognized option '-V'
gcc: fatal error: no input files
compilation terminated.
configure:3981: $? = 4
configure:3970: gcc -qversion >&5
gcc: error: unrecognized option '-qversion'
gcc: fatal error: no input files
compilation terminated.
configure:3981: $? = 4
configure:3985: checking whether we are using the GNU C compiler
configure:4004: gcc -c   conftest.c >&5
configure:4004: $? = 0
configure:4013: result: yes
configure:4022: checking whether gcc accepts -g
configure:4042: gcc -c -g  conftest.c >&5
configure:4042: $? = 0
configure:4083: result: yes
configure:4100: checking for gcc option to accept ISO C89
configure:4164: gcc  -c -g -O2  conftest.c >&5
configure:4164: $? = 0
configure:4177: result: none needed
configure:4199: checking dependency style of gcc
configure:4309: result: gcc3
configure:4329: checking how to run the C preprocessor
configure:4360: gcc -E  conftest.c
configure:4360: $? = 0
configure:4374: gcc -E  conftest.c
conftest.c:11:28: fatal error: ac_nonexistent.h: No such file or directory
compilation terminated.
configure:4374: $? = 1
configure: failed program was:
| /* confdefs.h */
| #define PACKAGE_NAME "iptux"
| #define PACKAGE_TARNAME "iptux"
| #define PACKAGE_VERSION "0.5.3"
| #define PACKAGE_STRING "iptux 0.5.3"
| #define PACKAGE_BUGREPORT "jallyx@gmail.com"
| #define PACKAGE_URL ""
| #define PACKAGE "iptux"
| #define VERSION "0.5.3"
| /* end confdefs.h.  */
| #include <ac_nonexistent.h>
configure:4399: result: gcc -E
configure:4419: gcc -E  conftest.c
configure:4419: $? = 0
configure:4433: gcc -E  conftest.c
conftest.c:11:28: fatal error: ac_nonexistent.h: No such file or directory
compilation terminated.
configure:4433: $? = 1
configure: failed program was:
| /* confdefs.h */
| #define PACKAGE_NAME "iptux"
| #define PACKAGE_TARNAME "iptux"
| #define PACKAGE_VERSION "0.5.3"
| #define PACKAGE_STRING "iptux 0.5.3"
| #define PACKAGE_BUGREPORT "jallyx@gmail.com"
| #define PACKAGE_URL ""
| #define PACKAGE "iptux"
| #define VERSION "0.5.3"
| /* end confdefs.h.  */
| #include <ac_nonexistent.h>
configure:4462: checking whether ln -s works
configure:4466: result: yes
configure:4473: checking whether make sets $(MAKE)
configure:4495: result: yes
configure:4547: checking for ranlib
configure:4563: found /usr/bin/ranlib
configure:4574: result: ranlib
configure:4602: checking for grep that handles long lines and -e
configure:4660: result: /bin/grep
configure:4665: checking for egrep
configure:4727: result: /bin/grep -E
configure:4732: checking for ANSI C header files
configure:4752: gcc -c -g -O2  conftest.c >&5
configure:4752: $? = 0
configure:4825: gcc -o conftest -g -O2   conftest.c  >&5
configure:4825: $? = 0
configure:4825: ./conftest
configure:4825: $? = 0
configure:4836: result: yes
configure:4849: checking for sys/types.h
configure:4849: gcc -c -g -O2  conftest.c >&5
configure:4849: $? = 0
configure:4849: result: yes
configure:4849: checking for sys/stat.h
configure:4849: gcc -c -g -O2  conftest.c >&5
configure:4849: $? = 0
configure:4849: result: yes
configure:4849: checking for stdlib.h
configure:4849: gcc -c -g -O2  conftest.c >&5
configure:4849: $? = 0
configure:4849: result: yes
configure:4849: checking for string.h
configure:4849: gcc -c -g -O2  conftest.c >&5
configure:4849: $? = 0
configure:4849: result: yes
configure:4849: checking for memory.h
configure:4849: gcc -c -g -O2  conftest.c >&5
configure:4849: $? = 0
configure:4849: result: yes
configure:4849: checking for strings.h
configure:4849: gcc -c -g -O2  conftest.c >&5
configure:4849: $? = 0
configure:4849: result: yes
configure:4849: checking for inttypes.h
configure:4849: gcc -c -g -O2  conftest.c >&5
configure:4849: $? = 0
configure:4849: result: yes
configure:4849: checking for stdint.h
configure:4849: gcc -c -g -O2  conftest.c >&5
configure:4849: $? = 0
configure:4849: result: yes
configure:4849: checking for unistd.h
configure:4849: gcc -c -g -O2  conftest.c >&5
configure:4849: $? = 0
configure:4849: result: yes
configure:4866: checking arpa/inet.h usability
configure:4866: gcc -c -g -O2  conftest.c >&5
configure:4866: $? = 0
configure:4866: result: yes
configure:4866: checking arpa/inet.h presence
configure:4866: gcc -E  conftest.c
configure:4866: $? = 0
configure:4866: result: yes
configure:4866: checking for arpa/inet.h
configure:4866: result: yes
configure:4866: checking fcntl.h usability
configure:4866: gcc -c -g -O2  conftest.c >&5
configure:4866: $? = 0
configure:4866: result: yes
configure:4866: checking fcntl.h presence
configure:4866: gcc -E  conftest.c
configure:4866: $? = 0
configure:4866: result: yes
configure:4866: checking for fcntl.h
configure:4866: result: yes
configure:4866: checking for inttypes.h
configure:4866: result: yes
configure:4866: checking libintl.h usability
configure:4866: gcc -c -g -O2  conftest.c >&5
configure:4866: $? = 0
configure:4866: result: yes
configure:4866: checking libintl.h presence
configure:4866: gcc -E  conftest.c
configure:4866: $? = 0
configure:4866: result: yes
configure:4866: checking for libintl.h
configure:4866: result: yes
configure:4866: checking locale.h usability
configure:4866: gcc -c -g -O2  conftest.c >&5
configure:4866: $? = 0
configure:4866: result: yes
configure:4866: checking locale.h presence
configure:4866: gcc -E  conftest.c
configure:4866: $? = 0
configure:4866: result: yes
configure:4866: checking for locale.h
configure:4866: result: yes
configure:4866: checking netinet/in.h usability
configure:4866: gcc -c -g -O2  conftest.c >&5
configure:4866: $? = 0
configure:4866: result: yes
configure:4866: checking netinet/in.h presence
configure:4866: gcc -E  conftest.c
configure:4866: $? = 0
configure:4866: result: yes
configure:4866: checking for netinet/in.h
configure:4866: result: yes
configure:4866: checking for stdint.h
configure:4866: result: yes
configure:4866: checking for stdlib.h
configure:4866: result: yes
configure:4866: checking for string.h
configure:4866: result: yes
configure:4866: checking for strings.h
configure:4866: result: yes
configure:4866: checking sys/ioctl.h usability
configure:4866: gcc -c -g -O2  conftest.c >&5
configure:4866: $? = 0
configure:4866: result: yes
configure:4866: checking sys/ioctl.h presence
configure:4866: gcc -E  conftest.c
configure:4866: $? = 0
configure:4866: result: yes
configure:4866: checking for sys/ioctl.h
configure:4866: result: yes
configure:4866: checking sys/socket.h usability
configure:4866: gcc -c -g -O2  conftest.c >&5
configure:4866: $? = 0
configure:4866: result: yes
configure:4866: checking sys/socket.h presence
configure:4866: gcc -E  conftest.c
configure:4866: $? = 0
configure:4866: result: yes
configure:4866: checking for sys/socket.h
configure:4866: result: yes
configure:4866: checking sys/time.h usability
configure:4866: gcc -c -g -O2  conftest.c >&5
configure:4866: $? = 0
configure:4866: result: yes
configure:4866: checking sys/time.h presence
configure:4866: gcc -E  conftest.c
configure:4866: $? = 0
configure:4866: result: yes
configure:4866: checking for sys/time.h
configure:4866: result: yes
configure:4866: checking sys/vfs.h usability
configure:4866: gcc -c -g -O2  conftest.c >&5
configure:4866: $? = 0
configure:4866: result: yes
configure:4866: checking sys/vfs.h presence
configure:4866: gcc -E  conftest.c
configure:4866: $? = 0
configure:4866: result: yes
configure:4866: checking for sys/vfs.h
configure:4866: result: yes
configure:4866: checking for unistd.h
configure:4866: result: yes
configure:4878: checking for stdbool.h that conforms to C99
configure:4945: gcc -c -g -O2  conftest.c >&5
configure:4945: $? = 0
configure:4952: result: yes
configure:4954: checking for _Bool
configure:4954: gcc -c -g -O2  conftest.c >&5
configure:4954: $? = 0
configure:4954: gcc -c -g -O2  conftest.c >&5
conftest.c: In function 'main':
conftest.c:72:20: error: expected expression before ')' token
configure:4954: $? = 1
configure: failed program was:
| /* confdefs.h */
| #define PACKAGE_NAME "iptux"
| #define PACKAGE_TARNAME "iptux"
| #define PACKAGE_VERSION "0.5.3"
| #define PACKAGE_STRING "iptux 0.5.3"
| #define PACKAGE_BUGREPORT "jallyx@gmail.com"
| #define PACKAGE_URL ""
| #define PACKAGE "iptux"
| #define VERSION "0.5.3"
| #define STDC_HEADERS 1
| #define HAVE_SYS_TYPES_H 1
| #define HAVE_SYS_STAT_H 1
| #define HAVE_STDLIB_H 1
| #define HAVE_STRING_H 1
| #define HAVE_MEMORY_H 1
| #define HAVE_STRINGS_H 1
| #define HAVE_INTTYPES_H 1
| #define HAVE_STDINT_H 1
| #define HAVE_UNISTD_H 1
| #define HAVE_ARPA_INET_H 1
| #define HAVE_FCNTL_H 1
| #define HAVE_INTTYPES_H 1
| #define HAVE_LIBINTL_H 1
| #define HAVE_LOCALE_H 1
| #define HAVE_NETINET_IN_H 1
| #define HAVE_STDINT_H 1
| #define HAVE_STDLIB_H 1
| #define HAVE_STRING_H 1
| #define HAVE_STRINGS_H 1
| #define HAVE_SYS_IOCTL_H 1
| #define HAVE_SYS_SOCKET_H 1
| #define HAVE_SYS_TIME_H 1
| #define HAVE_SYS_VFS_H 1
| #define HAVE_UNISTD_H 1
| /* end confdefs.h.  */
| #include <stdio.h>
| #ifdef HAVE_SYS_TYPES_H
| # include <sys/types.h>
| #endif
| #ifdef HAVE_SYS_STAT_H
| # include <sys/stat.h>
| #endif
| #ifdef STDC_HEADERS
| # include <stdlib.h>
| # include <stddef.h>
| #else
| # ifdef HAVE_STDLIB_H
| #  include <stdlib.h>
| # endif
| #endif
| #ifdef HAVE_STRING_H
| # if !defined STDC_HEADERS && defined HAVE_MEMORY_H
| #  include <memory.h>
| # endif
| # include <string.h>
| #endif
| #ifdef HAVE_STRINGS_H
| # include <strings.h>
| #endif
| #ifdef HAVE_INTTYPES_H
| # include <inttypes.h>
| #endif
| #ifdef HAVE_STDINT_H
| # include <stdint.h>
| #endif
| #ifdef HAVE_UNISTD_H
| # include <unistd.h>
| #endif
| int
| main ()
| {
| if (sizeof ((_Bool)))
| 	    return 0;
|   ;
|   return 0;
| }
configure:4954: result: yes
configure:4970: checking for inline
configure:4986: gcc -c -g -O2  conftest.c >&5
configure:4986: $? = 0
configure:4994: result: inline
configure:5012: checking for int64_t
configure:5012: gcc -c -g -O2  conftest.c >&5
configure:5012: $? = 0
configure:5012: gcc -c -g -O2  conftest.c >&5
conftest.c: In function 'main':
conftest.c:76:53: warning: integer overflow in expression [-Woverflow]
conftest.c:75:12: error: size of array 'test_array' is negative
conftest.c:75:12: error: storage size of 'test_array' isn't constant
configure:5012: $? = 1
configure: failed program was:
| /* confdefs.h */
| #define PACKAGE_NAME "iptux"
| #define PACKAGE_TARNAME "iptux"
| #define PACKAGE_VERSION "0.5.3"
| #define PACKAGE_STRING "iptux 0.5.3"
| #define PACKAGE_BUGREPORT "jallyx@gmail.com"
| #define PACKAGE_URL ""
| #define PACKAGE "iptux"
| #define VERSION "0.5.3"
| #define STDC_HEADERS 1
| #define HAVE_SYS_TYPES_H 1
| #define HAVE_SYS_STAT_H 1
| #define HAVE_STDLIB_H 1
| #define HAVE_STRING_H 1
| #define HAVE_MEMORY_H 1
| #define HAVE_STRINGS_H 1
| #define HAVE_INTTYPES_H 1
| #define HAVE_STDINT_H 1
| #define HAVE_UNISTD_H 1
| #define HAVE_ARPA_INET_H 1
| #define HAVE_FCNTL_H 1
| #define HAVE_INTTYPES_H 1
| #define HAVE_LIBINTL_H 1
| #define HAVE_LOCALE_H 1
| #define HAVE_NETINET_IN_H 1
| #define HAVE_STDINT_H 1
| #define HAVE_STDLIB_H 1
| #define HAVE_STRING_H 1
| #define HAVE_STRINGS_H 1
| #define HAVE_SYS_IOCTL_H 1
| #define HAVE_SYS_SOCKET_H 1
| #define HAVE_SYS_TIME_H 1
| #define HAVE_SYS_VFS_H 1
| #define HAVE_UNISTD_H 1
| #define HAVE__BOOL 1
| #define HAVE_STDBOOL_H 1
| /* end confdefs.h.  */
| #include <stdio.h>
| #ifdef HAVE_SYS_TYPES_H
| # include <sys/types.h>
| #endif
| #ifdef HAVE_SYS_STAT_H
| # include <sys/stat.h>
| #endif
| #ifdef STDC_HEADERS
| # include <stdlib.h>
| # include <stddef.h>
| #else
| # ifdef HAVE_STDLIB_H
| #  include <stdlib.h>
| # endif
| #endif
| #ifdef HAVE_STRING_H
| # if !defined STDC_HEADERS && defined HAVE_MEMORY_H
| #  include <memory.h>
| # endif
| # include <string.h>
| #endif
| #ifdef HAVE_STRINGS_H
| # include <strings.h>
| #endif
| #ifdef HAVE_INTTYPES_H
| # include <inttypes.h>
| #endif
| #ifdef HAVE_STDINT_H
| # include <stdint.h>
| #endif
| #ifdef HAVE_UNISTD_H
| # include <unistd.h>
| #endif
| 	        enum { N = 64 / 2 - 1 };
| int
| main ()
| {
| static int test_array [1 - 2 * !((int64_t) (((((int64_t) 1 << N) << N) - 1) * 2 + 1)
| 		 < (int64_t) (((((int64_t) 1 << N) << N) - 1) * 2 + 2))];
| test_array [0] = 0
| 
|   ;
|   return 0;
| }
configure:5012: result: yes
configure:5023: checking for mode_t
configure:5023: gcc -c -g -O2  conftest.c >&5
configure:5023: $? = 0
configure:5023: gcc -c -g -O2  conftest.c >&5
conftest.c: In function 'main':
conftest.c:74:21: error: expected expression before ')' token
configure:5023: $? = 1
configure: failed program was:
| /* confdefs.h */
| #define PACKAGE_NAME "iptux"
| #define PACKAGE_TARNAME "iptux"
| #define PACKAGE_VERSION "0.5.3"
| #define PACKAGE_STRING "iptux 0.5.3"
| #define PACKAGE_BUGREPORT "jallyx@gmail.com"
| #define PACKAGE_URL ""
| #define PACKAGE "iptux"
| #define VERSION "0.5.3"
| #define STDC_HEADERS 1
| #define HAVE_SYS_TYPES_H 1
| #define HAVE_SYS_STAT_H 1
| #define HAVE_STDLIB_H 1
| #define HAVE_STRING_H 1
| #define HAVE_MEMORY_H 1
| #define HAVE_STRINGS_H 1
| #define HAVE_INTTYPES_H 1
| #define HAVE_STDINT_H 1
| #define HAVE_UNISTD_H 1
| #define HAVE_ARPA_INET_H 1
| #define HAVE_FCNTL_H 1
| #define HAVE_INTTYPES_H 1
| #define HAVE_LIBINTL_H 1
| #define HAVE_LOCALE_H 1
| #define HAVE_NETINET_IN_H 1
| #define HAVE_STDINT_H 1
| #define HAVE_STDLIB_H 1
| #define HAVE_STRING_H 1
| #define HAVE_STRINGS_H 1
| #define HAVE_SYS_IOCTL_H 1
| #define HAVE_SYS_SOCKET_H 1
| #define HAVE_SYS_TIME_H 1
| #define HAVE_SYS_VFS_H 1
| #define HAVE_UNISTD_H 1
| #define HAVE__BOOL 1
| #define HAVE_STDBOOL_H 1
| /* end confdefs.h.  */
| #include <stdio.h>
| #ifdef HAVE_SYS_TYPES_H
| # include <sys/types.h>
| #endif
| #ifdef HAVE_SYS_STAT_H
| # include <sys/stat.h>
| #endif
| #ifdef STDC_HEADERS
| # include <stdlib.h>
| # include <stddef.h>
| #else
| # ifdef HAVE_STDLIB_H
| #  include <stdlib.h>
| # endif
| #endif
| #ifdef HAVE_STRING_H
| # if !defined STDC_HEADERS && defined HAVE_MEMORY_H
| #  include <memory.h>
| # endif
| # include <string.h>
| #endif
| #ifdef HAVE_STRINGS_H
| # include <strings.h>
| #endif
| #ifdef HAVE_INTTYPES_H
| # include <inttypes.h>
| #endif
| #ifdef HAVE_STDINT_H
| # include <stdint.h>
| #endif
| #ifdef HAVE_UNISTD_H
| # include <unistd.h>
| #endif
| int
| main ()
| {
| if (sizeof ((mode_t)))
| 	    return 0;
|   ;
|   return 0;
| }
configure:5023: result: yes
configure:5034: checking for size_t
configure:5034: gcc -c -g -O2  conftest.c >&5
configure:5034: $? = 0
configure:5034: gcc -c -g -O2  conftest.c >&5
conftest.c: In function 'main':
conftest.c:74:21: error: expected expression before ')' token
configure:5034: $? = 1
configure: failed program was:
| /* confdefs.h */
| #define PACKAGE_NAME "iptux"
| #define PACKAGE_TARNAME "iptux"
| #define PACKAGE_VERSION "0.5.3"
| #define PACKAGE_STRING "iptux 0.5.3"
| #define PACKAGE_BUGREPORT "jallyx@gmail.com"
| #define PACKAGE_URL ""
| #define PACKAGE "iptux"
| #define VERSION "0.5.3"
| #define STDC_HEADERS 1
| #define HAVE_SYS_TYPES_H 1
| #define HAVE_SYS_STAT_H 1
| #define HAVE_STDLIB_H 1
| #define HAVE_STRING_H 1
| #define HAVE_MEMORY_H 1
| #define HAVE_STRINGS_H 1
| #define HAVE_INTTYPES_H 1
| #define HAVE_STDINT_H 1
| #define HAVE_UNISTD_H 1
| #define HAVE_ARPA_INET_H 1
| #define HAVE_FCNTL_H 1
| #define HAVE_INTTYPES_H 1
| #define HAVE_LIBINTL_H 1
| #define HAVE_LOCALE_H 1
| #define HAVE_NETINET_IN_H 1
| #define HAVE_STDINT_H 1
| #define HAVE_STDLIB_H 1
| #define HAVE_STRING_H 1
| #define HAVE_STRINGS_H 1
| #define HAVE_SYS_IOCTL_H 1
| #define HAVE_SYS_SOCKET_H 1
| #define HAVE_SYS_TIME_H 1
| #define HAVE_SYS_VFS_H 1
| #define HAVE_UNISTD_H 1
| #define HAVE__BOOL 1
| #define HAVE_STDBOOL_H 1
| /* end confdefs.h.  */
| #include <stdio.h>
| #ifdef HAVE_SYS_TYPES_H
| # include <sys/types.h>
| #endif
| #ifdef HAVE_SYS_STAT_H
| # include <sys/stat.h>
| #endif
| #ifdef STDC_HEADERS
| # include <stdlib.h>
| # include <stddef.h>
| #else
| # ifdef HAVE_STDLIB_H
| #  include <stdlib.h>
| # endif
| #endif
| #ifdef HAVE_STRING_H
| # if !defined STDC_HEADERS && defined HAVE_MEMORY_H
| #  include <memory.h>
| # endif
| # include <string.h>
| #endif
| #ifdef HAVE_STRINGS_H
| # include <strings.h>
| #endif
| #ifdef HAVE_INTTYPES_H
| # include <inttypes.h>
| #endif
| #ifdef HAVE_STDINT_H
| # include <stdint.h>
| #endif
| #ifdef HAVE_UNISTD_H
| # include <unistd.h>
| #endif
| int
| main ()
| {
| if (sizeof ((size_t)))
| 	    return 0;
|   ;
|   return 0;
| }
configure:5034: result: yes
configure:5045: checking for ssize_t
configure:5045: gcc -c -g -O2  conftest.c >&5
configure:5045: $? = 0
configure:5045: gcc -c -g -O2  conftest.c >&5
conftest.c: In function 'main':
conftest.c:74:22: error: expected expression before ')' token
configure:5045: $? = 1
configure: failed program was:
| /* confdefs.h */
| #define PACKAGE_NAME "iptux"
| #define PACKAGE_TARNAME "iptux"
| #define PACKAGE_VERSION "0.5.3"
| #define PACKAGE_STRING "iptux 0.5.3"
| #define PACKAGE_BUGREPORT "jallyx@gmail.com"
| #define PACKAGE_URL ""
| #define PACKAGE "iptux"
| #define VERSION "0.5.3"
| #define STDC_HEADERS 1
| #define HAVE_SYS_TYPES_H 1
| #define HAVE_SYS_STAT_H 1
| #define HAVE_STDLIB_H 1
| #define HAVE_STRING_H 1
| #define HAVE_MEMORY_H 1
| #define HAVE_STRINGS_H 1
| #define HAVE_INTTYPES_H 1
| #define HAVE_STDINT_H 1
| #define HAVE_UNISTD_H 1
| #define HAVE_ARPA_INET_H 1
| #define HAVE_FCNTL_H 1
| #define HAVE_INTTYPES_H 1
| #define HAVE_LIBINTL_H 1
| #define HAVE_LOCALE_H 1
| #define HAVE_NETINET_IN_H 1
| #define HAVE_STDINT_H 1
| #define HAVE_STDLIB_H 1
| #define HAVE_STRING_H 1
| #define HAVE_STRINGS_H 1
| #define HAVE_SYS_IOCTL_H 1
| #define HAVE_SYS_SOCKET_H 1
| #define HAVE_SYS_TIME_H 1
| #define HAVE_SYS_VFS_H 1
| #define HAVE_UNISTD_H 1
| #define HAVE__BOOL 1
| #define HAVE_STDBOOL_H 1
| /* end confdefs.h.  */
| #include <stdio.h>
| #ifdef HAVE_SYS_TYPES_H
| # include <sys/types.h>
| #endif
| #ifdef HAVE_SYS_STAT_H
| # include <sys/stat.h>
| #endif
| #ifdef STDC_HEADERS
| # include <stdlib.h>
| # include <stddef.h>
| #else
| # ifdef HAVE_STDLIB_H
| #  include <stdlib.h>
| # endif
| #endif
| #ifdef HAVE_STRING_H
| # if !defined STDC_HEADERS && defined HAVE_MEMORY_H
| #  include <memory.h>
| # endif
| # include <string.h>
| #endif
| #ifdef HAVE_STRINGS_H
| # include <strings.h>
| #endif
| #ifdef HAVE_INTTYPES_H
| # include <inttypes.h>
| #endif
| #ifdef HAVE_STDINT_H
| # include <stdint.h>
| #endif
| #ifdef HAVE_UNISTD_H
| # include <unistd.h>
| #endif
| int
| main ()
| {
| if (sizeof ((ssize_t)))
| 	    return 0;
|   ;
|   return 0;
| }
configure:5045: result: yes
configure:5056: checking for uint16_t
configure:5056: gcc -c -g -O2  conftest.c >&5
configure:5056: $? = 0
configure:5056: result: yes
configure:5068: checking for uint32_t
configure:5068: gcc -c -g -O2  conftest.c >&5
configure:5068: $? = 0
configure:5068: result: yes
configure:5082: checking for uint8_t
configure:5082: gcc -c -g -O2  conftest.c >&5
configure:5082: $? = 0
configure:5082: result: yes
configure:5098: checking for pid_t
configure:5098: gcc -c -g -O2  conftest.c >&5
configure:5098: $? = 0
configure:5098: gcc -c -g -O2  conftest.c >&5
conftest.c: In function 'main':
conftest.c:74:20: error: expected expression before ')' token
configure:5098: $? = 1
configure: failed program was:
| /* confdefs.h */
| #define PACKAGE_NAME "iptux"
| #define PACKAGE_TARNAME "iptux"
| #define PACKAGE_VERSION "0.5.3"
| #define PACKAGE_STRING "iptux 0.5.3"
| #define PACKAGE_BUGREPORT "jallyx@gmail.com"
| #define PACKAGE_URL ""
| #define PACKAGE "iptux"
| #define VERSION "0.5.3"
| #define STDC_HEADERS 1
| #define HAVE_SYS_TYPES_H 1
| #define HAVE_SYS_STAT_H 1
| #define HAVE_STDLIB_H 1
| #define HAVE_STRING_H 1
| #define HAVE_MEMORY_H 1
| #define HAVE_STRINGS_H 1
| #define HAVE_INTTYPES_H 1
| #define HAVE_STDINT_H 1
| #define HAVE_UNISTD_H 1
| #define HAVE_ARPA_INET_H 1
| #define HAVE_FCNTL_H 1
| #define HAVE_INTTYPES_H 1
| #define HAVE_LIBINTL_H 1
| #define HAVE_LOCALE_H 1
| #define HAVE_NETINET_IN_H 1
| #define HAVE_STDINT_H 1
| #define HAVE_STDLIB_H 1
| #define HAVE_STRING_H 1
| #define HAVE_STRINGS_H 1
| #define HAVE_SYS_IOCTL_H 1
| #define HAVE_SYS_SOCKET_H 1
| #define HAVE_SYS_TIME_H 1
| #define HAVE_SYS_VFS_H 1
| #define HAVE_UNISTD_H 1
| #define HAVE__BOOL 1
| #define HAVE_STDBOOL_H 1
| /* end confdefs.h.  */
| #include <stdio.h>
| #ifdef HAVE_SYS_TYPES_H
| # include <sys/types.h>
| #endif
| #ifdef HAVE_SYS_STAT_H
| # include <sys/stat.h>
| #endif
| #ifdef STDC_HEADERS
| # include <stdlib.h>
| # include <stddef.h>
| #else
| # ifdef HAVE_STDLIB_H
| #  include <stdlib.h>
| # endif
| #endif
| #ifdef HAVE_STRING_H
| # if !defined STDC_HEADERS && defined HAVE_MEMORY_H
| #  include <memory.h>
| # endif
| # include <string.h>
| #endif
| #ifdef HAVE_STRINGS_H
| # include <strings.h>
| #endif
| #ifdef HAVE_INTTYPES_H
| # include <inttypes.h>
| #endif
| #ifdef HAVE_STDINT_H
| # include <stdint.h>
| #endif
| #ifdef HAVE_UNISTD_H
| # include <unistd.h>
| #endif
| int
| main ()
| {
| if (sizeof ((pid_t)))
| 	    return 0;
|   ;
|   return 0;
| }
configure:5098: result: yes
configure:5111: checking vfork.h usability
configure:5111: gcc -c -g -O2  conftest.c >&5
conftest.c:71:19: fatal error: vfork.h: No such file or directory
compilation terminated.
configure:5111: $? = 1
configure: failed program was:
| /* confdefs.h */
| #define PACKAGE_NAME "iptux"
| #define PACKAGE_TARNAME "iptux"
| #define PACKAGE_VERSION "0.5.3"
| #define PACKAGE_STRING "iptux 0.5.3"
| #define PACKAGE_BUGREPORT "jallyx@gmail.com"
| #define PACKAGE_URL ""
| #define PACKAGE "iptux"
| #define VERSION "0.5.3"
| #define STDC_HEADERS 1
| #define HAVE_SYS_TYPES_H 1
| #define HAVE_SYS_STAT_H 1
| #define HAVE_STDLIB_H 1
| #define HAVE_STRING_H 1
| #define HAVE_MEMORY_H 1
| #define HAVE_STRINGS_H 1
| #define HAVE_INTTYPES_H 1
| #define HAVE_STDINT_H 1
| #define HAVE_UNISTD_H 1
| #define HAVE_ARPA_INET_H 1
| #define HAVE_FCNTL_H 1
| #define HAVE_INTTYPES_H 1
| #define HAVE_LIBINTL_H 1
| #define HAVE_LOCALE_H 1
| #define HAVE_NETINET_IN_H 1
| #define HAVE_STDINT_H 1
| #define HAVE_STDLIB_H 1
| #define HAVE_STRING_H 1
| #define HAVE_STRINGS_H 1
| #define HAVE_SYS_IOCTL_H 1
| #define HAVE_SYS_SOCKET_H 1
| #define HAVE_SYS_TIME_H 1
| #define HAVE_SYS_VFS_H 1
| #define HAVE_UNISTD_H 1
| #define HAVE__BOOL 1
| #define HAVE_STDBOOL_H 1
| /* end confdefs.h.  */
| #include <stdio.h>
| #ifdef HAVE_SYS_TYPES_H
| # include <sys/types.h>
| #endif
| #ifdef HAVE_SYS_STAT_H
| # include <sys/stat.h>
| #endif
| #ifdef STDC_HEADERS
| # include <stdlib.h>
| # include <stddef.h>
| #else
| # ifdef HAVE_STDLIB_H
| #  include <stdlib.h>
| # endif
| #endif
| #ifdef HAVE_STRING_H
| # if !defined STDC_HEADERS && defined HAVE_MEMORY_H
| #  include <memory.h>
| # endif
| # include <string.h>
| #endif
| #ifdef HAVE_STRINGS_H
| # include <strings.h>
| #endif
| #ifdef HAVE_INTTYPES_H
| # include <inttypes.h>
| #endif
| #ifdef HAVE_STDINT_H
| # include <stdint.h>
| #endif
| #ifdef HAVE_UNISTD_H
| # include <unistd.h>
| #endif
| #include <vfork.h>
configure:5111: result: no
configure:5111: checking vfork.h presence
configure:5111: gcc -E  conftest.c
conftest.c:38:19: fatal error: vfork.h: No such file or directory
compilation terminated.
configure:5111: $? = 1
configure: failed program was:
| /* confdefs.h */
| #define PACKAGE_NAME "iptux"
| #define PACKAGE_TARNAME "iptux"
| #define PACKAGE_VERSION "0.5.3"
| #define PACKAGE_STRING "iptux 0.5.3"
| #define PACKAGE_BUGREPORT "jallyx@gmail.com"
| #define PACKAGE_URL ""
| #define PACKAGE "iptux"
| #define VERSION "0.5.3"
| #define STDC_HEADERS 1
| #define HAVE_SYS_TYPES_H 1
| #define HAVE_SYS_STAT_H 1
| #define HAVE_STDLIB_H 1
| #define HAVE_STRING_H 1
| #define HAVE_MEMORY_H 1
| #define HAVE_STRINGS_H 1
| #define HAVE_INTTYPES_H 1
| #define HAVE_STDINT_H 1
| #define HAVE_UNISTD_H 1
| #define HAVE_ARPA_INET_H 1
| #define HAVE_FCNTL_H 1
| #define HAVE_INTTYPES_H 1
| #define HAVE_LIBINTL_H 1
| #define HAVE_LOCALE_H 1
| #define HAVE_NETINET_IN_H 1
| #define HAVE_STDINT_H 1
| #define HAVE_STDLIB_H 1
| #define HAVE_STRING_H 1
| #define HAVE_STRINGS_H 1
| #define HAVE_SYS_IOCTL_H 1
| #define HAVE_SYS_SOCKET_H 1
| #define HAVE_SYS_TIME_H 1
| #define HAVE_SYS_VFS_H 1
| #define HAVE_UNISTD_H 1
| #define HAVE__BOOL 1
| #define HAVE_STDBOOL_H 1
| /* end confdefs.h.  */
| #include <vfork.h>
configure:5111: result: no
configure:5111: checking for vfork.h
configure:5111: result: no
configure:5124: checking for fork
configure:5124: gcc -o conftest -g -O2   conftest.c  >&5
conftest.c:61:6: warning: conflicting types for built-in function 'fork' [enabled by default]
configure:5124: $? = 0
configure:5124: result: yes
configure:5124: checking for vfork
configure:5124: gcc -o conftest -g -O2   conftest.c  >&5
configure:5124: $? = 0
configure:5124: result: yes
configure:5134: checking for working fork
configure:5156: gcc -o conftest -g -O2   conftest.c  >&5
configure:5156: $? = 0
configure:5156: ./conftest
configure:5156: $? = 0
configure:5166: result: yes
configure:5187: checking for working vfork
configure:5297: result: yes
configure:5327: checking for bzero
configure:5327: gcc -o conftest -g -O2   conftest.c  >&5
conftest.c:65:6: warning: conflicting types for built-in function 'bzero' [enabled by default]
configure:5327: $? = 0
configure:5327: result: yes
configure:5327: checking for endpwent
configure:5327: gcc -o conftest -g -O2   conftest.c  >&5
configure:5327: $? = 0
configure:5327: result: yes
configure:5327: checking for getcwd
configure:5327: gcc -o conftest -g -O2   conftest.c  >&5
configure:5327: $? = 0
configure:5327: result: yes
configure:5327: checking for gettimeofday
configure:5327: gcc -o conftest -g -O2   conftest.c  >&5
configure:5327: $? = 0
configure:5327: result: yes
configure:5327: checking for inet_ntoa
configure:5327: gcc -o conftest -g -O2   conftest.c  >&5
configure:5327: $? = 0
configure:5327: result: yes
configure:5327: checking for memchr
configure:5327: gcc -o conftest -g -O2   conftest.c  >&5
conftest.c:70:6: warning: conflicting types for built-in function 'memchr' [enabled by default]
configure:5327: $? = 0
configure:5327: result: yes
configure:5327: checking for memmove
configure:5327: gcc -o conftest -g -O2   conftest.c  >&5
conftest.c:71:6: warning: conflicting types for built-in function 'memmove' [enabled by default]
configure:5327: $? = 0
configure:5327: result: yes
configure:5327: checking for mkdir
configure:5327: gcc -o conftest -g -O2   conftest.c  >&5
configure:5327: $? = 0
configure:5327: result: yes
configure:5327: checking for rmdir
configure:5327: gcc -o conftest -g -O2   conftest.c  >&5
configure:5327: $? = 0
configure:5327: result: yes
configure:5327: checking for setlocale
configure:5327: gcc -o conftest -g -O2   conftest.c  >&5
configure:5327: $? = 0
configure:5327: result: yes
configure:5327: checking for socket
configure:5327: gcc -o conftest -g -O2   conftest.c  >&5
configure:5327: $? = 0
configure:5327: result: yes
configure:5327: checking for strcasecmp
configure:5327: gcc -o conftest -g -O2   conftest.c  >&5
conftest.c:76:6: warning: conflicting types for built-in function 'strcasecmp' [enabled by default]
configure:5327: $? = 0
configure:5327: result: yes
configure:5327: checking for strchr
configure:5327: gcc -o conftest -g -O2   conftest.c  >&5
conftest.c:77:6: warning: conflicting types for built-in function 'strchr' [enabled by default]
configure:5327: $? = 0
configure:5327: result: yes
configure:5327: checking for strerror
configure:5327: gcc -o conftest -g -O2   conftest.c  >&5
configure:5327: $? = 0
configure:5327: result: yes
configure:5327: checking for strncasecmp
configure:5327: gcc -o conftest -g -O2   conftest.c  >&5
conftest.c:79:6: warning: conflicting types for built-in function 'strncasecmp' [enabled by default]
configure:5327: $? = 0
configure:5327: result: yes
configure:5327: checking for strpbrk
configure:5327: gcc -o conftest -g -O2   conftest.c  >&5
conftest.c:80:6: warning: conflicting types for built-in function 'strpbrk' [enabled by default]
configure:5327: $? = 0
configure:5327: result: yes
configure:5327: checking for strrchr
configure:5327: gcc -o conftest -g -O2   conftest.c  >&5
conftest.c:81:6: warning: conflicting types for built-in function 'strrchr' [enabled by default]
configure:5327: $? = 0
configure:5327: result: yes
configure:5327: checking for strspn
configure:5327: gcc -o conftest -g -O2   conftest.c  >&5
conftest.c:82:6: warning: conflicting types for built-in function 'strspn' [enabled by default]
configure:5327: $? = 0
configure:5327: result: yes
configure:5474: checking for pkg-config
configure:5492: found /usr/bin/pkg-config
configure:5504: result: /usr/bin/pkg-config
configure:5529: checking pkg-config is at least version 0.9.0
configure:5532: result: yes
configure:5542: checking for GLIB
configure:5549: $PKG_CONFIG --exists --print-errors "$glib_modules"
configure:5552: $? = 0
configure:5566: $PKG_CONFIG --exists --print-errors "$glib_modules"
configure:5569: $? = 0
configure:5627: result: yes
configure:5634: checking for GTHREAD
configure:5641: $PKG_CONFIG --exists --print-errors "$gthread_modules"
configure:5644: $? = 0
configure:5658: $PKG_CONFIG --exists --print-errors "$gthread_modules"
configure:5661: $? = 0
configure:5719: result: yes
configure:5726: checking for GTK
configure:5733: $PKG_CONFIG --exists --print-errors "$gtk_modules"
configure:5736: $? = 0
configure:5750: $PKG_CONFIG --exists --print-errors "$gtk_modules"
configure:5753: $? = 0
configure:5811: result: yes
configure:5818: checking for GCONF
configure:5825: $PKG_CONFIG --exists --print-errors "$gconf_modules"
configure:5828: $? = 0
configure:5842: $PKG_CONFIG --exists --print-errors "$gconf_modules"
configure:5845: $? = 0
configure:5903: result: yes
configure:5910: checking for GST
configure:5917: $PKG_CONFIG --exists --print-errors "$gst_modules"
configure:5920: $? = 0
configure:5934: $PKG_CONFIG --exists --print-errors "$gst_modules"
configure:5937: $? = 0
configure:5975: result: yes
configure:6002: checking for locale.h
configure:6002: result: yes
configure:6013: checking for LC_MESSAGES
configure:6029: gcc -o conftest -g -O2   conftest.c  >&5
configure:6029: $? = 0
configure:6037: result: yes
configure:6054: checking for libintl.h
configure:6054: result: yes
configure:6062: checking for ngettext in libc
configure:6080: gcc -o conftest -g -O2   conftest.c  >&5
configure:6080: $? = 0
configure:6089: result: yes
configure:6093: checking for dgettext in libc
configure:6111: gcc -o conftest -g -O2   conftest.c  >&5
configure:6111: $? = 0
configure:6120: result: yes
configure:6127: checking for bind_textdomain_codeset
configure:6127: gcc -o conftest -g -O2   conftest.c  >&5
configure:6127: $? = 0
configure:6127: result: yes
configure:6403: checking for msgfmt
configure:6430: result: /usr/bin/msgfmt
configure:6441: checking for dcgettext
configure:6441: gcc -o conftest -g -O2   conftest.c   >&5
conftest.c:99:6: warning: conflicting types for built-in function 'dcgettext' [enabled by default]
configure:6441: $? = 0
configure:6441: result: yes
configure:6451: checking if msgfmt accepts -c
configure:6466: $MSGFMT -c -o /dev/null conftest.foo
configure:6469: $? = 0
configure:6471: result: yes
configure:6481: checking for gmsgfmt
configure:6512: result: /usr/bin/msgfmt
configure:6522: checking for xgettext
configure:6549: result: /usr/bin/xgettext
configure:6568: gcc -o conftest -g -O2   conftest.c   >&5
configure:6568: $? = 0
configure:6646: checking for catalogs to be installed
configure:6671: result:  de en_GB es pl zh_CN zh_TW
configure:6844: creating ./config.status

## ---------------------- ##
## Running config.status. ##
## ---------------------- ##

This file was extended by iptux config.status 0.5.3, which was
generated by GNU Autoconf 2.68.  Invocation command line was

  CONFIG_FILES    = 
  CONFIG_HEADERS  = 
  CONFIG_LINKS    = 
  CONFIG_COMMANDS = 
  $ ./config.status 

on jph-ubuntu

config.status:982: creating Makefile
config.status:982: creating desktop/Makefile
config.status:982: creating pixmaps/Makefile
config.status:982: creating po/Makefile.in
config.status:982: creating sound/Makefile
config.status:982: creating src/Makefile
config.status:982: creating src/uninstall/Makefile
config.status:982: creating config.h
config.status:1211: executing depfiles commands
config.status:1211: executing default-1 commands

## ---------------- ##
## Cache variables. ##
## ---------------- ##

ac_cv_c_compiler_gnu=yes
ac_cv_c_inline=inline
ac_cv_c_int64_t=yes
ac_cv_c_uint16_t=yes
ac_cv_c_uint32_t=yes
ac_cv_c_uint8_t=yes
ac_cv_cxx_compiler_gnu=yes
ac_cv_env_CCC_set=
ac_cv_env_CCC_value=
ac_cv_env_CC_set=
ac_cv_env_CC_value=
ac_cv_env_CFLAGS_set=
ac_cv_env_CFLAGS_value=
ac_cv_env_CPPFLAGS_set=
ac_cv_env_CPPFLAGS_value=
ac_cv_env_CPP_set=
ac_cv_env_CPP_value=
ac_cv_env_CXXFLAGS_set=
ac_cv_env_CXXFLAGS_value=
ac_cv_env_CXX_set=
ac_cv_env_CXX_value=
ac_cv_env_GCONF_CFLAGS_set=
ac_cv_env_GCONF_CFLAGS_value=
ac_cv_env_GCONF_LIBS_set=
ac_cv_env_GCONF_LIBS_value=
ac_cv_env_GLIB_CFLAGS_set=
ac_cv_env_GLIB_CFLAGS_value=
ac_cv_env_GLIB_LIBS_set=
ac_cv_env_GLIB_LIBS_value=
ac_cv_env_GST_CFLAGS_set=
ac_cv_env_GST_CFLAGS_value=
ac_cv_env_GST_LIBS_set=
ac_cv_env_GST_LIBS_value=
ac_cv_env_GTHREAD_CFLAGS_set=
ac_cv_env_GTHREAD_CFLAGS_value=
ac_cv_env_GTHREAD_LIBS_set=
ac_cv_env_GTHREAD_LIBS_value=
ac_cv_env_GTK_CFLAGS_set=
ac_cv_env_GTK_CFLAGS_value=
ac_cv_env_GTK_LIBS_set=
ac_cv_env_GTK_LIBS_value=
ac_cv_env_LDFLAGS_set=
ac_cv_env_LDFLAGS_value=
ac_cv_env_LIBS_set=
ac_cv_env_LIBS_value=
ac_cv_env_PKG_CONFIG_LIBDIR_set=
ac_cv_env_PKG_CONFIG_LIBDIR_value=
ac_cv_env_PKG_CONFIG_PATH_set=
ac_cv_env_PKG_CONFIG_PATH_value=
ac_cv_env_PKG_CONFIG_set=
ac_cv_env_PKG_CONFIG_value=
ac_cv_env_build_alias_set=
ac_cv_env_build_alias_value=
ac_cv_env_host_alias_set=
ac_cv_env_host_alias_value=
ac_cv_env_target_alias_set=
ac_cv_env_target_alias_value=
ac_cv_func_bind_textdomain_codeset=yes
ac_cv_func_bzero=yes
ac_cv_func_dcgettext=yes
ac_cv_func_endpwent=yes
ac_cv_func_fork=yes
ac_cv_func_fork_works=yes
ac_cv_func_getcwd=yes
ac_cv_func_gettimeofday=yes
ac_cv_func_inet_ntoa=yes
ac_cv_func_memchr=yes
ac_cv_func_memmove=yes
ac_cv_func_mkdir=yes
ac_cv_func_rmdir=yes
ac_cv_func_setlocale=yes
ac_cv_func_socket=yes
ac_cv_func_strcasecmp=yes
ac_cv_func_strchr=yes
ac_cv_func_strerror=yes
ac_cv_func_strncasecmp=yes
ac_cv_func_strpbrk=yes
ac_cv_func_strrchr=yes
ac_cv_func_strspn=yes
ac_cv_func_vfork=yes
ac_cv_func_vfork_works=yes
ac_cv_header_arpa_inet_h=yes
ac_cv_header_fcntl_h=yes
ac_cv_header_inttypes_h=yes
ac_cv_header_libintl_h=yes
ac_cv_header_locale_h=yes
ac_cv_header_memory_h=yes
ac_cv_header_netinet_in_h=yes
ac_cv_header_stdbool_h=yes
ac_cv_header_stdc=yes
ac_cv_header_stdint_h=yes
ac_cv_header_stdlib_h=yes
ac_cv_header_string_h=yes
ac_cv_header_strings_h=yes
ac_cv_header_sys_ioctl_h=yes
ac_cv_header_sys_socket_h=yes
ac_cv_header_sys_stat_h=yes
ac_cv_header_sys_time_h=yes
ac_cv_header_sys_types_h=yes
ac_cv_header_sys_vfs_h=yes
ac_cv_header_unistd_h=yes
ac_cv_header_vfork_h=no
ac_cv_objext=o
ac_cv_path_EGREP='/bin/grep -E'
ac_cv_path_GMSGFMT=/usr/bin/msgfmt
ac_cv_path_GREP=/bin/grep
ac_cv_path_MSGFMT=/usr/bin/msgfmt
ac_cv_path_XGETTEXT=/usr/bin/xgettext
ac_cv_path_ac_pt_PKG_CONFIG=/usr/bin/pkg-config
ac_cv_path_install='/usr/bin/install -c'
ac_cv_path_mkdir=/bin/mkdir
ac_cv_prog_AWK=mawk
ac_cv_prog_CPP='gcc -E'
ac_cv_prog_ac_ct_CC=gcc
ac_cv_prog_ac_ct_CXX=g++
ac_cv_prog_ac_ct_RANLIB=ranlib
ac_cv_prog_cc_c89=
ac_cv_prog_cc_g=yes
ac_cv_prog_cxx_g=yes
ac_cv_prog_make_make_set=yes
ac_cv_type__Bool=yes
ac_cv_type_mode_t=yes
ac_cv_type_pid_t=yes
ac_cv_type_size_t=yes
ac_cv_type_ssize_t=yes
am_cv_CC_dependencies_compiler_type=gcc3
am_cv_CXX_dependencies_compiler_type=gcc3
am_cv_val_LC_MESSAGES=yes
gt_cv_func_dgettext_libc=yes
gt_cv_func_dgettext_libintl=no
gt_cv_func_ngettext_libc=yes
gt_cv_have_gettext=yes
pkg_cv_GCONF_CFLAGS='-pthread -I/usr/include/dbus-1.0 -I/usr/lib/i386-linux-gnu/dbus-1.0/include -I/usr/include/glib-2.0 -I/usr/lib/i386-linux-gnu/glib-2.0/include -I/usr/include/gconf/2  '
pkg_cv_GCONF_LIBS='-lgconf-2 -lglib-2.0  '
pkg_cv_GLIB_CFLAGS='-I/usr/include/glib-2.0 -I/usr/lib/i386-linux-gnu/glib-2.0/include  '
pkg_cv_GLIB_LIBS='-lglib-2.0  '
pkg_cv_GST_CFLAGS='-pthread -I/usr/include/glib-2.0 -I/usr/lib/i386-linux-gnu/glib-2.0/include -I/usr/include/gstreamer-0.10 -I/usr/include/libxml2  '
pkg_cv_GST_LIBS='-pthread -lgstreamer-0.10 -lgobject-2.0 -lgmodule-2.0 -lxml2 -lgthread-2.0 -lrt -lglib-2.0  '
pkg_cv_GTHREAD_CFLAGS='-pthread -I/usr/include/glib-2.0 -I/usr/lib/i386-linux-gnu/glib-2.0/include  '
pkg_cv_GTHREAD_LIBS='-pthread -lgthread-2.0 -lrt -lglib-2.0  '
pkg_cv_GTK_CFLAGS='-pthread -I/usr/include/gtk-2.0 -I/usr/lib/i386-linux-gnu/gtk-2.0/include -I/usr/include/atk-1.0 -I/usr/include/cairo -I/usr/include/gdk-pixbuf-2.0 -I/usr/include/pango-1.0 -I/usr/include/gio-unix-2.0/ -I/usr/include/glib-2.0 -I/usr/lib/i386-linux-gnu/glib-2.0/include -I/usr/include/pixman-1 -I/usr/include/freetype2 -I/usr/include/libpng12  '
pkg_cv_GTK_LIBS='-pthread -lgtk-x11-2.0 -lgdk-x11-2.0 -latk-1.0 -lgio-2.0 -lpangoft2-1.0 -lpangocairo-1.0 -lgdk_pixbuf-2.0 -lcairo -lpango-1.0 -lfreetype -lfontconfig -lgobject-2.0 -lgmodule-2.0 -lgthread-2.0 -lrt -lglib-2.0  '

## ----------------- ##
## Output variables. ##
## ----------------- ##

ACLOCAL='${SHELL} /home/jph/svn/iptux/trunk/missing --run aclocal-1.11'
AMDEPBACKSLASH='\'
AMDEP_FALSE='#'
AMDEP_TRUE=''
AMTAR='${SHELL} /home/jph/svn/iptux/trunk/missing --run tar'
AUTOCONF='${SHELL} /home/jph/svn/iptux/trunk/missing --run autoconf'
AUTOHEADER='${SHELL} /home/jph/svn/iptux/trunk/missing --run autoheader'
AUTOMAKE='${SHELL} /home/jph/svn/iptux/trunk/missing --run automake-1.11'
AWK='mawk'
CATALOGS=' de.gmo en_GB.gmo es.gmo pl.gmo zh_CN.gmo zh_TW.gmo'
CATOBJEXT='.gmo'
CC='gcc'
CCDEPMODE='depmode=gcc3'
CFLAGS='-g -O2'
CPP='gcc -E'
CPPFLAGS=''
CXX='g++'
CXXDEPMODE='depmode=gcc3'
CXXFLAGS='-g -O2'
CYGPATH_W='echo'
DATADIRNAME='share'
DEFS='-DHAVE_CONFIG_H'
DEPDIR='.deps'
ECHO_C=''
ECHO_N='-n'
ECHO_T=''
EGREP='/bin/grep -E'
EXEEXT=''
GCONF_CFLAGS='-pthread -I/usr/include/dbus-1.0 -I/usr/lib/i386-linux-gnu/dbus-1.0/include -I/usr/include/glib-2.0 -I/usr/lib/i386-linux-gnu/glib-2.0/include -I/usr/include/gconf/2  '
GCONF_LIBS='-lgconf-2 -lglib-2.0  '
GETTEXT_PACKAGE='iptux'
GLIB_CFLAGS='-I/usr/include/glib-2.0 -I/usr/lib/i386-linux-gnu/glib-2.0/include  '
GLIB_LIBS='-lglib-2.0  '
GMOFILES=' de.gmo en_GB.gmo es.gmo pl.gmo zh_CN.gmo zh_TW.gmo'
GMSGFMT='/usr/bin/msgfmt'
GREP='/bin/grep'
GST_CFLAGS='-pthread -I/usr/include/glib-2.0 -I/usr/lib/i386-linux-gnu/glib-2.0/include -I/usr/include/gstreamer-0.10 -I/usr/include/libxml2  '
GST_LIBS='-pthread -lgstreamer-0.10 -lgobject-2.0 -lgmodule-2.0 -lxml2 -lgthread-2.0 -lrt -lglib-2.0  '
GTHREAD_CFLAGS='-pthread -I/usr/include/glib-2.0 -I/usr/lib/i386-linux-gnu/glib-2.0/include  '
GTHREAD_LIBS='-pthread -lgthread-2.0 -lrt -lglib-2.0  '
GTK_CFLAGS='-pthread -I/usr/include/gtk-2.0 -I/usr/lib/i386-linux-gnu/gtk-2.0/include -I/usr/include/atk-1.0 -I/usr/include/cairo -I/usr/include/gdk-pixbuf-2.0 -I/usr/include/pango-1.0 -I/usr/include/gio-unix-2.0/ -I/usr/include/glib-2.0 -I/usr/lib/i386-linux-gnu/glib-2.0/include -I/usr/include/pixman-1 -I/usr/include/freetype2 -I/usr/include/libpng12  '
GTK_LIBS='-pthread -lgtk-x11-2.0 -lgdk-x11-2.0 -latk-1.0 -lgio-2.0 -lpangoft2-1.0 -lpangocairo-1.0 -lgdk_pixbuf-2.0 -lcairo -lpango-1.0 -lfreetype -lfontconfig -lgobject-2.0 -lgmodule-2.0 -lgthread-2.0 -lrt -lglib-2.0  '
INSTALL_DATA='${INSTALL} -m 644'
INSTALL_PROGRAM='${INSTALL}'
INSTALL_SCRIPT='${INSTALL}'
INSTALL_STRIP_PROGRAM='$(install_sh) -c -s'
INSTOBJEXT='.mo'
INTLLIBS=''
LDFLAGS=''
LIBOBJS=''
LIBS=''
LN_S='ln -s'
LTLIBOBJS=''
MAINT='#'
MAINTAINER_MODE_FALSE=''
MAINTAINER_MODE_TRUE='#'
MAKEINFO='${SHELL} /home/jph/svn/iptux/trunk/missing --run makeinfo'
MKDIR_P='/bin/mkdir -p'
MKINSTALLDIRS='./mkinstalldirs'
MSGFMT='/usr/bin/msgfmt'
MSGFMT_OPTS='-c'
OBJEXT='o'
PACKAGE='iptux'
PACKAGE_BUGREPORT='jallyx@gmail.com'
PACKAGE_CFLAGS='-I/usr/include/glib-2.0 -I/usr/lib/i386-linux-gnu/glib-2.0/include   -pthread -I/usr/include/glib-2.0 -I/usr/lib/i386-linux-gnu/glib-2.0/include   -pthread -I/usr/include/gtk-2.0 -I/usr/lib/i386-linux-gnu/gtk-2.0/include -I/usr/include/atk-1.0 -I/usr/include/cairo -I/usr/include/gdk-pixbuf-2.0 -I/usr/include/pango-1.0 -I/usr/include/gio-unix-2.0/ -I/usr/include/glib-2.0 -I/usr/lib/i386-linux-gnu/glib-2.0/include -I/usr/include/pixman-1 -I/usr/include/freetype2 -I/usr/include/libpng12   -pthread -I/usr/include/dbus-1.0 -I/usr/lib/i386-linux-gnu/dbus-1.0/include -I/usr/include/glib-2.0 -I/usr/lib/i386-linux-gnu/glib-2.0/include -I/usr/include/gconf/2   -pthread -I/usr/include/glib-2.0 -I/usr/lib/i386-linux-gnu/glib-2.0/include -I/usr/include/gstreamer-0.10 -I/usr/include/libxml2  '
PACKAGE_LIBS='-lglib-2.0   -pthread -lgthread-2.0 -lrt -lglib-2.0   -pthread -lgtk-x11-2.0 -lgdk-x11-2.0 -latk-1.0 -lgio-2.0 -lpangoft2-1.0 -lpangocairo-1.0 -lgdk_pixbuf-2.0 -lcairo -lpango-1.0 -lfreetype -lfontconfig -lgobject-2.0 -lgmodule-2.0 -lgthread-2.0 -lrt -lglib-2.0   -lgconf-2 -lglib-2.0   -pthread -lgstreamer-0.10 -lgobject-2.0 -lgmodule-2.0 -lxml2 -lgthread-2.0 -lrt -lglib-2.0  '
PACKAGE_NAME='iptux'
PACKAGE_STRING='iptux 0.5.3'
PACKAGE_TARNAME='iptux'
PACKAGE_URL=''
PACKAGE_VERSION='0.5.3'
PATH_SEPARATOR=':'
PKG_CONFIG='/usr/bin/pkg-config'
PKG_CONFIG_LIBDIR=''
PKG_CONFIG_PATH=''
POFILES=' de.po en_GB.po es.po pl.po zh_CN.po zh_TW.po'
POSUB='po'
PO_IN_DATADIR_FALSE=''
PO_IN_DATADIR_TRUE=''
RANLIB='ranlib'
SET_MAKE=''
SHELL='/bin/bash'
STRIP=''
USE_NLS='yes'
VERSION='0.5.3'
XGETTEXT='/usr/bin/xgettext'
ac_ct_CC='gcc'
ac_ct_CXX='g++'
am__EXEEXT_FALSE=''
am__EXEEXT_TRUE='#'
am__fastdepCC_FALSE='#'
am__fastdepCC_TRUE=''
am__fastdepCXX_FALSE='#'
am__fastdepCXX_TRUE=''
am__include='include'
am__isrc=''
am__leading_dot='.'
am__quote=''
am__tar='${AMTAR} chof - "$$tardir"'
am__untar='${AMTAR} xf -'
bindir='${exec_prefix}/bin'
build_alias=''
datadir='${datarootdir}'
datarootdir='${prefix}/share'
desktopdir='/usr/local/share/applications'
docdir='${datarootdir}/doc/${PACKAGE_TARNAME}'
dvidir='${docdir}'
exec_prefix='/usr/local'
host_alias=''
htmldir='${docdir}'
includedir='${prefix}/include'
infodir='${datarootdir}/info'
install_sh='${SHELL} /home/jph/svn/iptux/trunk/install-sh'
libdir='${exec_prefix}/lib'
libexecdir='${exec_prefix}/libexec'
localedir='/usr/local/share/locale'
localstatedir='${prefix}/var'
logodir='/usr/local/share/icons'
mandir='${datarootdir}/man'
mkdir_p='/bin/mkdir -p'
oldincludedir='/usr/include'
pdfdir='${docdir}'
pixmapsdir='/usr/local/share/iptux/pixmaps'
prefix='/usr/local'
program_transform_name='s,x,x,'
psdir='${docdir}'
sbindir='${exec_prefix}/sbin'
sharedstatedir='${prefix}/com'
sounddir='/usr/local/share/iptux/sound'
sysconfdir='${prefix}/etc'
target_alias=''

## ----------- ##
## confdefs.h. ##
## ----------- ##

/* confdefs.h */
#define PACKAGE_NAME "iptux"
#define PACKAGE_TARNAME "iptux"
#define PACKAGE_VERSION "0.5.3"
#define PACKAGE_STRING "iptux 0.5.3"
#define PACKAGE_BUGREPORT "jallyx@gmail.com"
#define PACKAGE_URL ""
#define PACKAGE "iptux"
#define VERSION "0.5.3"
#define STDC_HEADERS 1
#define HAVE_SYS_TYPES_H 1
#define HAVE_SYS_STAT_H 1
#define HAVE_STDLIB_H 1
#define HAVE_STRING_H 1
#define HAVE_MEMORY_H 1
#define HAVE_STRINGS_H 1
#define HAVE_INTTYPES_H 1
#define HAVE_STDINT_H 1
#define HAVE_UNISTD_H 1
#define HAVE_ARPA_INET_H 1
#define HAVE_FCNTL_H 1
#define HAVE_INTTYPES_H 1
#define HAVE_LIBINTL_H 1
#define HAVE_LOCALE_H 1
#define HAVE_NETINET_IN_H 1
#define HAVE_STDINT_H 1
#define HAVE_STDLIB_H 1
#define HAVE_STRING_H 1
#define HAVE_STRINGS_H 1
#define HAVE_SYS_IOCTL_H 1
#define HAVE_SYS_SOCKET_H 1
#define HAVE_SYS_TIME_H 1
#define HAVE_SYS_VFS_H 1
#define HAVE_UNISTD_H 1
#define HAVE__BOOL 1
#define HAVE_STDBOOL_H 1
#define HAVE_FORK 1
#define HAVE_VFORK 1
#define HAVE_WORKING_VFORK 1
#define HAVE_WORKING_FORK 1
#define HAVE_BZERO 1
#define HAVE_ENDPWENT 1
#define HAVE_GETCWD 1
#define HAVE_GETTIMEOFDAY 1
#define HAVE_INET_NTOA 1
#define HAVE_MEMCHR 1
#define HAVE_MEMMOVE 1
#define HAVE_MKDIR 1
#define HAVE_RMDIR 1
#define HAVE_SETLOCALE 1
#define HAVE_SOCKET 1
#define HAVE_STRCASECMP 1
#define HAVE_STRCHR 1
#define HAVE_STRERROR 1
#define HAVE_STRNCASECMP 1
#define HAVE_STRPBRK 1
#define HAVE_STRRCHR 1
#define HAVE_STRSPN 1
#define __IP_TUX__ 1
#define MESSAGE 1
#define WARNING 1
#define __EXEC_PATH "/usr/local/bin"
#define __DATA_PATH "/usr/local/share"
#define __LOCALE_PATH "/usr/local/share/locale"
#define __DESKTOP_PATH "/usr/local/share/applications"
#define __LOGO_PATH "/usr/local/share/icons"
#define __PIXMAPS_PATH "/usr/local/share/iptux/pixmaps"
#define __SOUND_PATH "/usr/local/share/iptux/sound"
#define HAVE_GST 1
#define GETTEXT_PACKAGE "iptux"
#define HAVE_LOCALE_H 1
#define HAVE_LC_MESSAGES 1
#define HAVE_BIND_TEXTDOMAIN_CODESET 1
#define HAVE_GETTEXT 1
#define HAVE_DCGETTEXT 1
#define ENABLE_NLS 1

configure: exit 0
